<?xml version="1.0" encoding="UTF-8"?>
<!-- Generated by org.testng.reporters.JUnitXMLReporter -->
<testsuite hostname="LAPTOP-07B6KT4F" ignored="1" name="Default test" tests="1" failures="0" timestamp="2021-07-13T02:21:28 EDT" time="16.59" errors="0">
  <testcase name="headlineConfirm" time="7.848" classname="generalTest.ShoppingButton"/>
  <testcase name="carmaxShoppinButton" time="0.0" classname="generalTest.ShoppingButton">
    <ignored/>
  </testcase> <!-- carmaxShoppinButton -->
</testsuite> <!-- Default test -->
