<?xml version="1.0" encoding="UTF-8"?>
<!-- Generated by org.testng.reporters.JUnitXMLReporter -->
<testsuite hostname="LAPTOP-07B6KT4F" ignored="13" name="Test" tests="3" failures="0" timestamp="2021-07-22T23:37:05 EDT" time="70.624" errors="0">
  <testcase name="carmaxSearchParticularBrand1" time="18.587" classname="generalTest.SearchBox"/>
  <testcase name="carmaxSearchParticularBrand2" time="11.401" classname="generalTest.SearchBox"/>
  <testcase name="carmaxSearchParticularBrand3" time="19.55" classname="generalTest.SearchBox"/>
  <testcase name="carmaxWarranty" time="0.0" classname="generalTest.Warranty">
    <ignored/>
  </testcase> <!-- carmaxWarranty -->
  <testcase name="@AfterSuite tearDownSuite" time="0.0" classname="generalTest.TestBase">
    <ignored/>
  </testcase> <!-- @AfterSuite tearDownSuite -->
  <testcase name="@AfterSuite tearDownSuite" time="0.0" classname="generalTest.TestBase">
    <ignored/>
  </testcase> <!-- @AfterSuite tearDownSuite -->
  <testcase name="@AfterSuite tearDownSuite" time="0.0" classname="generalTest.TestBase">
    <ignored/>
  </testcase> <!-- @AfterSuite tearDownSuite -->
  <testcase name="@AfterSuite tearDownSuite" time="0.0" classname="generalTest.TestBase">
    <ignored/>
  </testcase> <!-- @AfterSuite tearDownSuite -->
  <testcase name="carmaxTitleConfirm" time="0.0" classname="generalTest.TitleConfirm">
    <ignored/>
  </testcase> <!-- carmaxTitleConfirm -->
  <testcase name="textConfirm" time="0.0" classname="generalTest.ShoppingButton">
    <ignored/>
  </testcase> <!-- textConfirm -->
  <testcase name="carmaxSignIn" time="0.0" classname="generalTest.SignIn">
    <ignored/>
  </testcase> <!-- carmaxSignIn -->
  <testcase name="@BeforeSuite setUpSuite" time="0.0" classname="generalTest.TestBase">
    <ignored/>
  </testcase> <!-- @BeforeSuite setUpSuite -->
  <testcase name="@BeforeSuite setUpSuite" time="0.0" classname="generalTest.TestBase">
    <ignored/>
  </testcase> <!-- @BeforeSuite setUpSuite -->
  <testcase name="@BeforeSuite setUpSuite" time="0.0" classname="generalTest.TestBase">
    <ignored/>
  </testcase> <!-- @BeforeSuite setUpSuite -->
  <testcase name="@BeforeSuite setUpSuite" time="0.0" classname="generalTest.TestBase">
    <ignored/>
  </testcase> <!-- @BeforeSuite setUpSuite -->
  <testcase name="carmaxShoppinButton" time="0.0" classname="generalTest.ShoppingButton">
    <ignored/>
  </testcase> <!-- carmaxShoppinButton -->
</testsuite> <!-- Test -->
