<?xml version="1.0" encoding="UTF-8"?>
<!-- Generated by org.testng.reporters.JUnitXMLReporter -->
<testsuite hostname="LAPTOP-07B6KT4F" ignored="12" name="Test" tests="4" failures="0" timestamp="2021-07-23T00:10:39 EDT" time="54.521" errors="0">
  <testcase name="carmaxShoppinButton" time="8.629" classname="generalTest.ShoppingButton"/>
  <testcase name="textConfirm" time="8.678" classname="generalTest.ShoppingButton"/>
  <testcase name="carmaxSignIn" time="4.123" classname="generalTest.SignIn"/>
  <testcase name="carmaxWarranty" time="10.464" classname="generalTest.Warranty"/>
  <testcase name="carmaxTitleConfirm" time="0.0" classname="generalTest.TitleConfirm">
    <ignored/>
  </testcase> <!-- carmaxTitleConfirm -->
  <testcase name="@AfterSuite tearDownSuite" time="0.0" classname="generalTest.TestBase">
    <ignored/>
  </testcase> <!-- @AfterSuite tearDownSuite -->
  <testcase name="@AfterSuite tearDownSuite" time="0.0" classname="generalTest.TestBase">
    <ignored/>
  </testcase> <!-- @AfterSuite tearDownSuite -->
  <testcase name="@AfterSuite tearDownSuite" time="0.0" classname="generalTest.TestBase">
    <ignored/>
  </testcase> <!-- @AfterSuite tearDownSuite -->
  <testcase name="@AfterSuite tearDownSuite" time="0.0" classname="generalTest.TestBase">
    <ignored/>
  </testcase> <!-- @AfterSuite tearDownSuite -->
  <testcase name="@BeforeSuite setUpSuite" time="0.0" classname="generalTest.TestBase">
    <ignored/>
  </testcase> <!-- @BeforeSuite setUpSuite -->
  <testcase name="@BeforeSuite setUpSuite" time="0.0" classname="generalTest.TestBase">
    <ignored/>
  </testcase> <!-- @BeforeSuite setUpSuite -->
  <testcase name="@BeforeSuite setUpSuite" time="0.0" classname="generalTest.TestBase">
    <ignored/>
  </testcase> <!-- @BeforeSuite setUpSuite -->
  <testcase name="@BeforeSuite setUpSuite" time="0.0" classname="generalTest.TestBase">
    <ignored/>
  </testcase> <!-- @BeforeSuite setUpSuite -->
  <testcase name="carmaxSearchParticularBrand3" time="0.0" classname="generalTest.SearchBox">
    <ignored/>
  </testcase> <!-- carmaxSearchParticularBrand3 -->
  <testcase name="carmaxSearchParticularBrand1" time="0.0" classname="generalTest.SearchBox">
    <ignored/>
  </testcase> <!-- carmaxSearchParticularBrand1 -->
  <testcase name="carmaxSearchParticularBrand2" time="0.0" classname="generalTest.SearchBox">
    <ignored/>
  </testcase> <!-- carmaxSearchParticularBrand2 -->
</testsuite> <!-- Test -->
